C:\Users\Ben\Documents\CSCI580_HPC\term_project\HPConGPUWithSQLOps\SQLStatmentsCode\Debug\SQLStatmentsCode.pdb
C:\Users\Ben\Documents\CSCI580_HPC\term_project\HPConGPUWithSQLOps\SQLStatmentsCode\SQLStatmentsCode\Debug\cl.command.1.tlog
C:\Users\Ben\Documents\CSCI580_HPC\term_project\HPConGPUWithSQLOps\SQLStatmentsCode\SQLStatmentsCode\Debug\CL.read.1.tlog
C:\Users\Ben\Documents\CSCI580_HPC\term_project\HPConGPUWithSQLOps\SQLStatmentsCode\SQLStatmentsCode\Debug\CL.write.1.tlog
C:\Users\Ben\Documents\CSCI580_HPC\term_project\HPConGPUWithSQLOps\SQLStatmentsCode\SQLStatmentsCode\Debug\link.command.1.tlog
C:\Users\Ben\Documents\CSCI580_HPC\term_project\HPConGPUWithSQLOps\SQLStatmentsCode\SQLStatmentsCode\Debug\link.read.1.tlog
C:\Users\Ben\Documents\CSCI580_HPC\term_project\HPConGPUWithSQLOps\SQLStatmentsCode\SQLStatmentsCode\Debug\link.write.1.tlog
C:\Users\Ben\Documents\CSCI580_HPC\term_project\HPConGPUWithSQLOps\SQLStatmentsCode\SQLStatmentsCode\Debug\link-cvtres.read.1.tlog
C:\Users\Ben\Documents\CSCI580_HPC\term_project\HPConGPUWithSQLOps\SQLStatmentsCode\SQLStatmentsCode\Debug\link-cvtres.write.1.tlog
C:\USERS\BEN\DOCUMENTS\CSCI580_HPC\TERM_PROJECT\HPCONGPUWITHSQLOPS\SQLSTATMENTSCODE\SQLSTATMENTSCODE\DEBUG\MAIN.OBJ
C:\Users\Ben\Documents\CSCI580_HPC\term_project\HPConGPUWithSQLOps\SQLStatmentsCode\SQLStatmentsCode\Debug\rc.command.1.tlog
C:\Users\Ben\Documents\CSCI580_HPC\term_project\HPConGPUWithSQLOps\SQLStatmentsCode\SQLStatmentsCode\Debug\rc.read.1.tlog
C:\Users\Ben\Documents\CSCI580_HPC\term_project\HPConGPUWithSQLOps\SQLStatmentsCode\SQLStatmentsCode\Debug\rc.write.1.tlog
C:\Users\Ben\Documents\CSCI580_HPC\term_project\HPConGPUWithSQLOps\SQLStatmentsCode\SQLStatmentsCode\Debug\SQLStatmentsCode.exe.embed.manifest
C:\USERS\BEN\DOCUMENTS\CSCI580_HPC\TERM_PROJECT\HPCONGPUWITHSQLOPS\SQLSTATMENTSCODE\SQLSTATMENTSCODE\DEBUG\SQLSTATMENTSCODE.EXE.EMBED.MANIFEST.RES
C:\Users\Ben\Documents\CSCI580_HPC\term_project\HPConGPUWithSQLOps\SQLStatmentsCode\SQLStatmentsCode\Debug\SQLStatmentsCode.exe.intermediate.manifest
C:\Users\Ben\Documents\CSCI580_HPC\term_project\HPConGPUWithSQLOps\SQLStatmentsCode\SQLStatmentsCode\Debug\SQLStatmentsCode.vcxprojResolveAssemblyReference.cache
C:\Users\Ben\Documents\CSCI580_HPC\term_project\HPConGPUWithSQLOps\SQLStatmentsCode\SQLStatmentsCode\Debug\SQLStatmentsCode.write.1.tlog
C:\Users\Ben\Documents\CSCI580_HPC\term_project\HPConGPUWithSQLOps\SQLStatmentsCode\SQLStatmentsCode\Debug\SQLStatmentsCode_manifest.rc
C:\Users\Ben\Documents\CSCI580_HPC\term_project\HPConGPUWithSQLOps\SQLStatmentsCode\SQLStatmentsCode\Debug\vc100.idb
C:\USERS\BEN\DOCUMENTS\CSCI580_HPC\TERM_PROJECT\HPCONGPUWITHSQLOPS\SQLSTATMENTSCODE\SQLSTATMENTSCODE\DEBUG\VC100.PDB
