Build started 10/24/2014 6:40:28 PM.
     1>Project "C:\Users\Ben\Documents\CSCI580_HPC\term_project\HPConGPUWithSQLOps\SQLStatmentsCode\SQLStatmentsCode\SQLStatmentsCode.vcxproj" on node 2 (build target(s)).
     1>InitializeBuildStatus:
         Creating "Debug\SQLStatmentsCode.unsuccessfulbuild" because "AlwaysCreate" was specified.
       ClCompile:
         All outputs are up-to-date.
         c:\Program Files (x86)\Microsoft Visual Studio 10.0\VC\bin\CL.exe /c /IC:\Users\Ben\Documents\CSCI580_HPC\term_project\HPConGPUWithSQLOps /ZI /nologo /W3 /WX- /Od /Oy- /D WIN32 /D _DEBUG /D _CONSOLE /D _UNICODE /D UNICODE /Gm /EHsc /RTC1 /MDd /GS /fp:precise /Zc:wchar_t /Zc:forScope /Fo"Debug\\" /Fd"Debug\vc100.pdb" /Gd /TP /analyze- /errorReport:prompt Main.cpp
         Main.cpp
     1>c:\users\ben\documents\csci580_hpc\term_project\hpcongpuwithsqlops\sqlstatmentscode\sqlstatmentscode\main.cpp(24): warning C4244: 'argument' : conversion from 'time_t' to 'unsigned int', possible loss of data
       ManifestResourceCompile:
         All outputs are up-to-date.
       Link:
         c:\Program Files (x86)\Microsoft Visual Studio 10.0\VC\bin\link.exe /ERRORREPORT:PROMPT /OUT:"C:\Users\Ben\Documents\CSCI580_HPC\term_project\HPConGPUWithSQLOps\SQLStatmentsCode\Debug\SQLStatmentsCode.exe" /INCREMENTAL /NOLOGO kernel32.lib user32.lib gdi32.lib winspool.lib comdlg32.lib advapi32.lib shell32.lib ole32.lib oleaut32.lib uuid.lib odbc32.lib odbccp32.lib /MANIFEST /ManifestFile:"Debug\SQLStatmentsCode.exe.intermediate.manifest" /MANIFESTUAC:"level='asInvoker' uiAccess='false'" /DEBUG /PDB:"C:\Users\Ben\Documents\CSCI580_HPC\term_project\HPConGPUWithSQLOps\SQLStatmentsCode\Debug\SQLStatmentsCode.pdb" /SUBSYSTEM:CONSOLE /TLBID:1 /DYNAMICBASE /NXCOMPAT /IMPLIB:"C:\Users\Ben\Documents\CSCI580_HPC\term_project\HPConGPUWithSQLOps\SQLStatmentsCode\Debug\SQLStatmentsCode.lib" /MACHINE:X86 Debug\SQLStatmentsCode.exe.embed.manifest.res
         Debug\sqlite3.obj
         Debug\Main.obj
       Manifest:
         C:\Program Files (x86)\Microsoft SDKs\Windows\v7.0A\bin\mt.exe /nologo /verbose /out:"Debug\SQLStatmentsCode.exe.embed.manifest" /manifest Debug\SQLStatmentsCode.exe.intermediate.manifest
         All outputs are up-to-date.
       LinkEmbedManifest:
         All outputs are up-to-date.
         SQLStatmentsCode.vcxproj -> C:\Users\Ben\Documents\CSCI580_HPC\term_project\HPConGPUWithSQLOps\SQLStatmentsCode\Debug\SQLStatmentsCode.exe
       FinalizeBuildStatus:
         Deleting file "Debug\SQLStatmentsCode.unsuccessfulbuild".
         Touching "Debug\SQLStatmentsCode.lastbuildstate".
     1>Done Building Project "C:\Users\Ben\Documents\CSCI580_HPC\term_project\HPConGPUWithSQLOps\SQLStatmentsCode\SQLStatmentsCode\SQLStatmentsCode.vcxproj" (build target(s)).

Build succeeded.

Time Elapsed 00:00:02.18
